nohup: ignoring input
2026-07-10 16:29:20,531 | INFO | overnight_sweep | ======================================================================
2026-07-10 16:29:20,531 | INFO | overnight_sweep | Overnight sweep starting
2026-07-10 16:29:20,531 | INFO | overnight_sweep | betas (5): [1.0, 1.375, 1.75, 2.125, 2.5]
2026-07-10 16:29:20,531 | INFO | overnight_sweep | temps (5): [10.0, 11.25, 12.5, 13.75, 15.0]
2026-07-10 16:29:20,531 | INFO | overnight_sweep | total configs: 25  |  strategies per config: 3  |  total generation runs: 75
2026-07-10 16:29:20,531 | INFO | overnight_sweep | GPUs: [1, 2, 3, 4, 5, 6]
2026-07-10 16:29:20,531 | INFO | overnight_sweep | output root: /LAB/swiss_no_th/swiss-knife-no-threshold/Swiss-Knife/runs/overnight_sweep
2026-07-10 16:29:20,531 | INFO | overnight_sweep | ======================================================================
2026-07-10 16:29:20,531 | INFO | overnight_sweep | Scheduling 25 configs across 6 GPUs ([1, 2, 3, 4, 5, 6])
2026-07-10 16:29:20,533 | INFO | overnight_sweep | [GPU 1] START beta=1.0000 temp=10.0000 -> /LAB/swiss_no_th/swiss-knife-no-threshold/Swiss-Knife/runs/overnight_sweep/grid/beta1.0000_temp10.0000
2026-07-10 16:29:20,534 | INFO | overnight_sweep | [GPU 2] START beta=1.0000 temp=11.2500 -> /LAB/swiss_no_th/swiss-knife-no-threshold/Swiss-Knife/runs/overnight_sweep/grid/beta1.0000_temp11.2500
2026-07-10 16:29:20,535 | INFO | overnight_sweep | [GPU 3] START beta=1.0000 temp=12.5000 -> /LAB/swiss_no_th/swiss-knife-no-threshold/Swiss-Knife/runs/overnight_sweep/grid/beta1.0000_temp12.5000
2026-07-10 16:29:20,537 | INFO | overnight_sweep | [GPU 4] START beta=1.0000 temp=13.7500 -> /LAB/swiss_no_th/swiss-knife-no-threshold/Swiss-Knife/runs/overnight_sweep/grid/beta1.0000_temp13.7500
2026-07-10 16:29:20,538 | INFO | overnight_sweep | [GPU 5] START beta=1.0000 temp=15.0000 -> /LAB/swiss_no_th/swiss-knife-no-threshold/Swiss-Knife/runs/overnight_sweep/grid/beta1.0000_temp15.0000
2026-07-10 16:29:20,539 | INFO | overnight_sweep | [GPU 6] START beta=1.3750 temp=10.0000 -> /LAB/swiss_no_th/swiss-knife-no-threshold/Swiss-Knife/runs/overnight_sweep/grid/beta1.3750_temp10.0000
2026-07-10 16:50:03,573 | INFO | overnight_sweep | [GPU 6] DONE beta=1.3750 temp=10.0000 in 1243.0s (rc=0) — log: /LAB/swiss_no_th/swiss-knife-no-threshold/Swiss-Knife/runs/overnight_sweep/grid/beta1.3750_temp10.0000/run.log
2026-07-10 16:50:03,574 | INFO | overnight_sweep | [GPU 6] START beta=1.3750 temp=11.2500 -> /LAB/swiss_no_th/swiss-knife-no-threshold/Swiss-Knife/runs/overnight_sweep/grid/beta1.3750_temp11.2500
2026-07-10 16:50:18,554 | INFO | overnight_sweep | [GPU 4] DONE beta=1.0000 temp=13.7500 in 1258.0s (rc=0) — log: /LAB/swiss_no_th/swiss-knife-no-threshold/Swiss-Knife/runs/overnight_sweep/grid/beta1.0000_temp13.7500/run.log
2026-07-10 16:50:18,555 | INFO | overnight_sweep | [GPU 4] START beta=1.3750 temp=12.5000 -> /LAB/swiss_no_th/swiss-knife-no-threshold/Swiss-Knife/runs/overnight_sweep/grid/beta1.3750_temp12.5000
2026-07-10 16:50:22,966 | INFO | overnight_sweep | [GPU 5] DONE beta=1.0000 temp=15.0000 in 1262.4s (rc=0) — log: /LAB/swiss_no_th/swiss-knife-no-threshold/Swiss-Knife/runs/overnight_sweep/grid/beta1.0000_temp15.0000/run.log
2026-07-10 16:50:22,967 | INFO | overnight_sweep | [GPU 5] START beta=1.3750 temp=13.7500 -> /LAB/swiss_no_th/swiss-knife-no-threshold/Swiss-Knife/runs/overnight_sweep/grid/beta1.3750_temp13.7500
2026-07-10 16:50:24,301 | INFO | overnight_sweep | [GPU 2] DONE beta=1.0000 temp=11.2500 in 1263.8s (rc=0) — log: /LAB/swiss_no_th/swiss-knife-no-threshold/Swiss-Knife/runs/overnight_sweep/grid/beta1.0000_temp11.2500/run.log
2026-07-10 16:50:24,303 | INFO | overnight_sweep | [GPU 2] START beta=1.3750 temp=15.0000 -> /LAB/swiss_no_th/swiss-knife-no-threshold/Swiss-Knife/runs/overnight_sweep/grid/beta1.3750_temp15.0000
2026-07-10 16:50:25,483 | INFO | overnight_sweep | [GPU 1] DONE beta=1.0000 temp=10.0000 in 1265.0s (rc=0) — log: /LAB/swiss_no_th/swiss-knife-no-threshold/Swiss-Knife/runs/overnight_sweep/grid/beta1.0000_temp10.0000/run.log
2026-07-10 16:50:25,484 | INFO | overnight_sweep | [GPU 1] START beta=1.7500 temp=10.0000 -> /LAB/swiss_no_th/swiss-knife-no-threshold/Swiss-Knife/runs/overnight_sweep/grid/beta1.7500_temp10.0000
2026-07-10 16:50:27,380 | INFO | overnight_sweep | [GPU 3] DONE beta=1.0000 temp=12.5000 in 1266.8s (rc=0) — log: /LAB/swiss_no_th/swiss-knife-no-threshold/Swiss-Knife/runs/overnight_sweep/grid/beta1.0000_temp12.5000/run.log
2026-07-10 16:50:27,381 | INFO | overnight_sweep | [GPU 3] START beta=1.7500 temp=11.2500 -> /LAB/swiss_no_th/swiss-knife-no-threshold/Swiss-Knife/runs/overnight_sweep/grid/beta1.7500_temp11.2500
2026-07-10 17:10:23,886 | INFO | overnight_sweep | [GPU 3] DONE beta=1.7500 temp=11.2500 in 1196.5s (rc=0) — log: /LAB/swiss_no_th/swiss-knife-no-threshold/Swiss-Knife/runs/overnight_sweep/grid/beta1.7500_temp11.2500/run.log
2026-07-10 17:10:23,887 | INFO | overnight_sweep | [GPU 3] START beta=1.7500 temp=12.5000 -> /LAB/swiss_no_th/swiss-knife-no-threshold/Swiss-Knife/runs/overnight_sweep/grid/beta1.7500_temp12.5000
2026-07-10 17:10:29,918 | INFO | overnight_sweep | [GPU 6] DONE beta=1.3750 temp=11.2500 in 1226.3s (rc=0) — log: /LAB/swiss_no_th/swiss-knife-no-threshold/Swiss-Knife/runs/overnight_sweep/grid/beta1.3750_temp11.2500/run.log
2026-07-10 17:10:29,919 | INFO | overnight_sweep | [GPU 6] START beta=1.7500 temp=13.7500 -> /LAB/swiss_no_th/swiss-knife-no-threshold/Swiss-Knife/runs/overnight_sweep/grid/beta1.7500_temp13.7500
2026-07-10 17:11:01,594 | INFO | overnight_sweep | [GPU 1] DONE beta=1.7500 temp=10.0000 in 1236.1s (rc=0) — log: /LAB/swiss_no_th/swiss-knife-no-threshold/Swiss-Knife/runs/overnight_sweep/grid/beta1.7500_temp10.0000/run.log
2026-07-10 17:11:01,595 | INFO | overnight_sweep | [GPU 1] START beta=1.7500 temp=15.0000 -> /LAB/swiss_no_th/swiss-knife-no-threshold/Swiss-Knife/runs/overnight_sweep/grid/beta1.7500_temp15.0000
2026-07-10 17:11:06,279 | INFO | overnight_sweep | [GPU 4] DONE beta=1.3750 temp=12.5000 in 1247.7s (rc=0) — log: /LAB/swiss_no_th/swiss-knife-no-threshold/Swiss-Knife/runs/overnight_sweep/grid/beta1.3750_temp12.5000/run.log
2026-07-10 17:11:06,280 | INFO | overnight_sweep | [GPU 4] START beta=2.1250 temp=10.0000 -> /LAB/swiss_no_th/swiss-knife-no-threshold/Swiss-Knife/runs/overnight_sweep/grid/beta2.1250_temp10.0000
2026-07-10 17:11:08,906 | INFO | overnight_sweep | [GPU 2] DONE beta=1.3750 temp=15.0000 in 1244.6s (rc=0) — log: /LAB/swiss_no_th/swiss-knife-no-threshold/Swiss-Knife/runs/overnight_sweep/grid/beta1.3750_temp15.0000/run.log
2026-07-10 17:11:08,909 | INFO | overnight_sweep | [GPU 2] START beta=2.1250 temp=11.2500 -> /LAB/swiss_no_th/swiss-knife-no-threshold/Swiss-Knife/runs/overnight_sweep/grid/beta2.1250_temp11.2500
2026-07-10 17:11:22,551 | INFO | overnight_sweep | [GPU 5] DONE beta=1.3750 temp=13.7500 in 1259.6s (rc=0) — log: /LAB/swiss_no_th/swiss-knife-no-threshold/Swiss-Knife/runs/overnight_sweep/grid/beta1.3750_temp13.7500/run.log
2026-07-10 17:11:22,552 | INFO | overnight_sweep | [GPU 5] START beta=2.1250 temp=12.5000 -> /LAB/swiss_no_th/swiss-knife-no-threshold/Swiss-Knife/runs/overnight_sweep/grid/beta2.1250_temp12.5000
2026-07-10 17:30:37,287 | INFO | overnight_sweep | [GPU 6] DONE beta=1.7500 temp=13.7500 in 1207.4s (rc=0) — log: /LAB/swiss_no_th/swiss-knife-no-threshold/Swiss-Knife/runs/overnight_sweep/grid/beta1.7500_temp13.7500/run.log
2026-07-10 17:30:37,288 | INFO | overnight_sweep | [GPU 6] START beta=2.1250 temp=13.7500 -> /LAB/swiss_no_th/swiss-knife-no-threshold/Swiss-Knife/runs/overnight_sweep/grid/beta2.1250_temp13.7500
2026-07-10 17:30:57,281 | INFO | overnight_sweep | [GPU 3] DONE beta=1.7500 temp=12.5000 in 1233.4s (rc=0) — log: /LAB/swiss_no_th/swiss-knife-no-threshold/Swiss-Knife/runs/overnight_sweep/grid/beta1.7500_temp12.5000/run.log
2026-07-10 17:30:57,282 | INFO | overnight_sweep | [GPU 3] START beta=2.1250 temp=15.0000 -> /LAB/swiss_no_th/swiss-knife-no-threshold/Swiss-Knife/runs/overnight_sweep/grid/beta2.1250_temp15.0000
2026-07-10 17:31:25,725 | INFO | overnight_sweep | [GPU 1] DONE beta=1.7500 temp=15.0000 in 1224.1s (rc=0) — log: /LAB/swiss_no_th/swiss-knife-no-threshold/Swiss-Knife/runs/overnight_sweep/grid/beta1.7500_temp15.0000/run.log
2026-07-10 17:31:25,726 | INFO | overnight_sweep | [GPU 1] START beta=2.5000 temp=10.0000 -> /LAB/swiss_no_th/swiss-knife-no-threshold/Swiss-Knife/runs/overnight_sweep/grid/beta2.5000_temp10.0000
2026-07-10 17:31:29,707 | INFO | overnight_sweep | [GPU 5] DONE beta=2.1250 temp=12.5000 in 1207.2s (rc=0) — log: /LAB/swiss_no_th/swiss-knife-no-threshold/Swiss-Knife/runs/overnight_sweep/grid/beta2.1250_temp12.5000/run.log
2026-07-10 17:31:29,708 | INFO | overnight_sweep | [GPU 5] START beta=2.5000 temp=11.2500 -> /LAB/swiss_no_th/swiss-knife-no-threshold/Swiss-Knife/runs/overnight_sweep/grid/beta2.5000_temp11.2500
2026-07-10 17:31:55,005 | INFO | overnight_sweep | [GPU 2] DONE beta=2.1250 temp=11.2500 in 1246.1s (rc=0) — log: /LAB/swiss_no_th/swiss-knife-no-threshold/Swiss-Knife/runs/overnight_sweep/grid/beta2.1250_temp11.2500/run.log
2026-07-10 17:31:55,007 | INFO | overnight_sweep | [GPU 2] START beta=2.5000 temp=12.5000 -> /LAB/swiss_no_th/swiss-knife-no-threshold/Swiss-Knife/runs/overnight_sweep/grid/beta2.5000_temp12.5000
2026-07-10 17:34:32,196 | INFO | overnight_sweep | [GPU 4] DONE beta=2.1250 temp=10.0000 in 1405.9s (rc=0) — log: /LAB/swiss_no_th/swiss-knife-no-threshold/Swiss-Knife/runs/overnight_sweep/grid/beta2.1250_temp10.0000/run.log
2026-07-10 17:34:32,197 | INFO | overnight_sweep | [GPU 4] START beta=2.5000 temp=13.7500 -> /LAB/swiss_no_th/swiss-knife-no-threshold/Swiss-Knife/runs/overnight_sweep/grid/beta2.5000_temp13.7500
2026-07-10 17:50:59,800 | INFO | overnight_sweep | [GPU 6] DONE beta=2.1250 temp=13.7500 in 1222.5s (rc=0) — log: /LAB/swiss_no_th/swiss-knife-no-threshold/Swiss-Knife/runs/overnight_sweep/grid/beta2.1250_temp13.7500/run.log
2026-07-10 17:50:59,801 | INFO | overnight_sweep | [GPU 6] START beta=2.5000 temp=15.0000 -> /LAB/swiss_no_th/swiss-knife-no-threshold/Swiss-Knife/runs/overnight_sweep/grid/beta2.5000_temp15.0000
2026-07-10 17:51:33,053 | INFO | overnight_sweep | [GPU 3] DONE beta=2.1250 temp=15.0000 in 1235.8s (rc=0) — log: /LAB/swiss_no_th/swiss-knife-no-threshold/Swiss-Knife/runs/overnight_sweep/grid/beta2.1250_temp15.0000/run.log
2026-07-10 17:51:50,953 | INFO | overnight_sweep | [GPU 1] DONE beta=2.5000 temp=10.0000 in 1225.2s (rc=0) — log: /LAB/swiss_no_th/swiss-knife-no-threshold/Swiss-Knife/runs/overnight_sweep/grid/beta2.5000_temp10.0000/run.log
2026-07-10 17:52:09,810 | INFO | overnight_sweep | [GPU 5] DONE beta=2.5000 temp=11.2500 in 1240.1s (rc=0) — log: /LAB/swiss_no_th/swiss-knife-no-threshold/Swiss-Knife/runs/overnight_sweep/grid/beta2.5000_temp11.2500/run.log
2026-07-10 17:52:32,820 | INFO | overnight_sweep | [GPU 2] DONE beta=2.5000 temp=12.5000 in 1237.8s (rc=0) — log: /LAB/swiss_no_th/swiss-knife-no-threshold/Swiss-Knife/runs/overnight_sweep/grid/beta2.5000_temp12.5000/run.log
2026-07-10 17:54:56,599 | INFO | overnight_sweep | [GPU 4] DONE beta=2.5000 temp=13.7500 in 1224.4s (rc=0) — log: /LAB/swiss_no_th/swiss-knife-no-threshold/Swiss-Knife/runs/overnight_sweep/grid/beta2.5000_temp13.7500/run.log
2026-07-10 18:11:04,287 | INFO | overnight_sweep | [GPU 6] DONE beta=2.5000 temp=15.0000 in 1204.5s (rc=0) — log: /LAB/swiss_no_th/swiss-knife-no-threshold/Swiss-Knife/runs/overnight_sweep/grid/beta2.5000_temp15.0000/run.log
2026-07-10 18:11:04,290 | INFO | overnight_sweep | Generation grid complete: 25/25 configs OK (0 failed).
2026-07-10 18:11:04,292 | INFO | overnight_sweep | wrote /LAB/swiss_no_th/swiss-knife-no-threshold/Swiss-Knife/runs/overnight_sweep/tribunal_inputs/gsi_softmax_no_th__beta1.0000_temp10.0000.jsonl (15 records)
2026-07-10 18:11:04,293 | INFO | overnight_sweep | wrote /LAB/swiss_no_th/swiss-knife-no-threshold/Swiss-Knife/runs/overnight_sweep/tribunal_inputs/gsi_swiss_no_th__beta1.0000_temp10.0000.jsonl (15 records)
2026-07-10 18:11:04,295 | INFO | overnight_sweep | wrote /LAB/swiss_no_th/swiss-knife-no-threshold/Swiss-Knife/runs/overnight_sweep/tribunal_inputs/gsi_elo_no_th__beta1.0000_temp10.0000.jsonl (15 records)
2026-07-10 18:11:04,296 | INFO | overnight_sweep | wrote /LAB/swiss_no_th/swiss-knife-no-threshold/Swiss-Knife/runs/overnight_sweep/tribunal_inputs/gsi_softmax_no_th__beta1.0000_temp11.2500.jsonl (15 records)
2026-07-10 18:11:04,298 | INFO | overnight_sweep | wrote /LAB/swiss_no_th/swiss-knife-no-threshold/Swiss-Knife/runs/overnight_sweep/tribunal_inputs/gsi_swiss_no_th__beta1.0000_temp11.2500.jsonl (15 records)
2026-07-10 18:11:04,300 | INFO | overnight_sweep | wrote /LAB/swiss_no_th/swiss-knife-no-threshold/Swiss-Knife/runs/overnight_sweep/tribunal_inputs/gsi_elo_no_th__beta1.0000_temp11.2500.jsonl (15 records)
2026-07-10 18:11:04,300 | INFO | overnight_sweep | wrote /LAB/swiss_no_th/swiss-knife-no-threshold/Swiss-Knife/runs/overnight_sweep/tribunal_inputs/gsi_softmax_no_th__beta1.0000_temp12.5000.jsonl (15 records)
2026-07-10 18:11:04,301 | INFO | overnight_sweep | wrote /LAB/swiss_no_th/swiss-knife-no-threshold/Swiss-Knife/runs/overnight_sweep/tribunal_inputs/gsi_swiss_no_th__beta1.0000_temp12.5000.jsonl (15 records)
2026-07-10 18:11:04,301 | INFO | overnight_sweep | wrote /LAB/swiss_no_th/swiss-knife-no-threshold/Swiss-Knife/runs/overnight_sweep/tribunal_inputs/gsi_elo_no_th__beta1.0000_temp12.5000.jsonl (15 records)
2026-07-10 18:11:04,302 | INFO | overnight_sweep | wrote /LAB/swiss_no_th/swiss-knife-no-threshold/Swiss-Knife/runs/overnight_sweep/tribunal_inputs/gsi_softmax_no_th__beta1.0000_temp13.7500.jsonl (15 records)
2026-07-10 18:11:04,303 | INFO | overnight_sweep | wrote /LAB/swiss_no_th/swiss-knife-no-threshold/Swiss-Knife/runs/overnight_sweep/tribunal_inputs/gsi_swiss_no_th__beta1.0000_temp13.7500.jsonl (15 records)
2026-07-10 18:11:04,303 | INFO | overnight_sweep | wrote /LAB/swiss_no_th/swiss-knife-no-threshold/Swiss-Knife/runs/overnight_sweep/tribunal_inputs/gsi_elo_no_th__beta1.0000_temp13.7500.jsonl (15 records)
2026-07-10 18:11:04,304 | INFO | overnight_sweep | wrote /LAB/swiss_no_th/swiss-knife-no-threshold/Swiss-Knife/runs/overnight_sweep/tribunal_inputs/gsi_softmax_no_th__beta1.0000_temp15.0000.jsonl (15 records)
2026-07-10 18:11:04,304 | INFO | overnight_sweep | wrote /LAB/swiss_no_th/swiss-knife-no-threshold/Swiss-Knife/runs/overnight_sweep/tribunal_inputs/gsi_swiss_no_th__beta1.0000_temp15.0000.jsonl (15 records)
2026-07-10 18:11:04,305 | INFO | overnight_sweep | wrote /LAB/swiss_no_th/swiss-knife-no-threshold/Swiss-Knife/runs/overnight_sweep/tribunal_inputs/gsi_elo_no_th__beta1.0000_temp15.0000.jsonl (15 records)
2026-07-10 18:11:04,305 | INFO | overnight_sweep | wrote /LAB/swiss_no_th/swiss-knife-no-threshold/Swiss-Knife/runs/overnight_sweep/tribunal_inputs/gsi_softmax_no_th__beta1.3750_temp10.0000.jsonl (15 records)
2026-07-10 18:11:04,306 | INFO | overnight_sweep | wrote /LAB/swiss_no_th/swiss-knife-no-threshold/Swiss-Knife/runs/overnight_sweep/tribunal_inputs/gsi_swiss_no_th__beta1.3750_temp10.0000.jsonl (15 records)
2026-07-10 18:11:04,306 | INFO | overnight_sweep | wrote /LAB/swiss_no_th/swiss-knife-no-threshold/Swiss-Knife/runs/overnight_sweep/tribunal_inputs/gsi_elo_no_th__beta1.3750_temp10.0000.jsonl (15 records)
2026-07-10 18:11:04,307 | INFO | overnight_sweep | wrote /LAB/swiss_no_th/swiss-knife-no-threshold/Swiss-Knife/runs/overnight_sweep/tribunal_inputs/gsi_softmax_no_th__beta1.3750_temp11.2500.jsonl (15 records)
2026-07-10 18:11:04,307 | INFO | overnight_sweep | wrote /LAB/swiss_no_th/swiss-knife-no-threshold/Swiss-Knife/runs/overnight_sweep/tribunal_inputs/gsi_swiss_no_th__beta1.3750_temp11.2500.jsonl (15 records)
2026-07-10 18:11:04,308 | INFO | overnight_sweep | wrote /LAB/swiss_no_th/swiss-knife-no-threshold/Swiss-Knife/runs/overnight_sweep/tribunal_inputs/gsi_elo_no_th__beta1.3750_temp11.2500.jsonl (15 records)
2026-07-10 18:11:04,308 | INFO | overnight_sweep | wrote /LAB/swiss_no_th/swiss-knife-no-threshold/Swiss-Knife/runs/overnight_sweep/tribunal_inputs/gsi_softmax_no_th__beta1.3750_temp12.5000.jsonl (15 records)
2026-07-10 18:11:04,309 | INFO | overnight_sweep | wrote /LAB/swiss_no_th/swiss-knife-no-threshold/Swiss-Knife/runs/overnight_sweep/tribunal_inputs/gsi_swiss_no_th__beta1.3750_temp12.5000.jsonl (15 records)
2026-07-10 18:11:04,310 | INFO | overnight_sweep | wrote /LAB/swiss_no_th/swiss-knife-no-threshold/Swiss-Knife/runs/overnight_sweep/tribunal_inputs/gsi_elo_no_th__beta1.3750_temp12.5000.jsonl (15 records)
2026-07-10 18:11:04,310 | INFO | overnight_sweep | wrote /LAB/swiss_no_th/swiss-knife-no-threshold/Swiss-Knife/runs/overnight_sweep/tribunal_inputs/gsi_softmax_no_th__beta1.3750_temp13.7500.jsonl (15 records)
2026-07-10 18:11:04,311 | INFO | overnight_sweep | wrote /LAB/swiss_no_th/swiss-knife-no-threshold/Swiss-Knife/runs/overnight_sweep/tribunal_inputs/gsi_swiss_no_th__beta1.3750_temp13.7500.jsonl (15 records)
2026-07-10 18:11:04,311 | INFO | overnight_sweep | wrote /LAB/swiss_no_th/swiss-knife-no-threshold/Swiss-Knife/runs/overnight_sweep/tribunal_inputs/gsi_elo_no_th__beta1.3750_temp13.7500.jsonl (15 records)
2026-07-10 18:11:04,312 | INFO | overnight_sweep | wrote /LAB/swiss_no_th/swiss-knife-no-threshold/Swiss-Knife/runs/overnight_sweep/tribunal_inputs/gsi_softmax_no_th__beta1.3750_temp15.0000.jsonl (15 records)
2026-07-10 18:11:04,312 | INFO | overnight_sweep | wrote /LAB/swiss_no_th/swiss-knife-no-threshold/Swiss-Knife/runs/overnight_sweep/tribunal_inputs/gsi_swiss_no_th__beta1.3750_temp15.0000.jsonl (15 records)
2026-07-10 18:11:04,313 | INFO | overnight_sweep | wrote /LAB/swiss_no_th/swiss-knife-no-threshold/Swiss-Knife/runs/overnight_sweep/tribunal_inputs/gsi_elo_no_th__beta1.3750_temp15.0000.jsonl (15 records)
2026-07-10 18:11:04,313 | INFO | overnight_sweep | wrote /LAB/swiss_no_th/swiss-knife-no-threshold/Swiss-Knife/runs/overnight_sweep/tribunal_inputs/gsi_softmax_no_th__beta1.7500_temp10.0000.jsonl (15 records)
2026-07-10 18:11:04,314 | INFO | overnight_sweep | wrote /LAB/swiss_no_th/swiss-knife-no-threshold/Swiss-Knife/runs/overnight_sweep/tribunal_inputs/gsi_swiss_no_th__beta1.7500_temp10.0000.jsonl (15 records)
2026-07-10 18:11:04,314 | INFO | overnight_sweep | wrote /LAB/swiss_no_th/swiss-knife-no-threshold/Swiss-Knife/runs/overnight_sweep/tribunal_inputs/gsi_elo_no_th__beta1.7500_temp10.0000.jsonl (15 records)
2026-07-10 18:11:04,315 | INFO | overnight_sweep | wrote /LAB/swiss_no_th/swiss-knife-no-threshold/Swiss-Knife/runs/overnight_sweep/tribunal_inputs/gsi_softmax_no_th__beta1.7500_temp11.2500.jsonl (15 records)
2026-07-10 18:11:04,315 | INFO | overnight_sweep | wrote /LAB/swiss_no_th/swiss-knife-no-threshold/Swiss-Knife/runs/overnight_sweep/tribunal_inputs/gsi_swiss_no_th__beta1.7500_temp11.2500.jsonl (15 records)
2026-07-10 18:11:04,316 | INFO | overnight_sweep | wrote /LAB/swiss_no_th/swiss-knife-no-threshold/Swiss-Knife/runs/overnight_sweep/tribunal_inputs/gsi_elo_no_th__beta1.7500_temp11.2500.jsonl (15 records)
2026-07-10 18:11:04,316 | INFO | overnight_sweep | wrote /LAB/swiss_no_th/swiss-knife-no-threshold/Swiss-Knife/runs/overnight_sweep/tribunal_inputs/gsi_softmax_no_th__beta1.7500_temp12.5000.jsonl (15 records)
2026-07-10 18:11:04,317 | INFO | overnight_sweep | wrote /LAB/swiss_no_th/swiss-knife-no-threshold/Swiss-Knife/runs/overnight_sweep/tribunal_inputs/gsi_swiss_no_th__beta1.7500_temp12.5000.jsonl (15 records)
2026-07-10 18:11:04,317 | INFO | overnight_sweep | wrote /LAB/swiss_no_th/swiss-knife-no-threshold/Swiss-Knife/runs/overnight_sweep/tribunal_inputs/gsi_elo_no_th__beta1.7500_temp12.5000.jsonl (15 records)
2026-07-10 18:11:04,318 | INFO | overnight_sweep | wrote /LAB/swiss_no_th/swiss-knife-no-threshold/Swiss-Knife/runs/overnight_sweep/tribunal_inputs/gsi_softmax_no_th__beta1.7500_temp13.7500.jsonl (15 records)
2026-07-10 18:11:04,319 | INFO | overnight_sweep | wrote /LAB/swiss_no_th/swiss-knife-no-threshold/Swiss-Knife/runs/overnight_sweep/tribunal_inputs/gsi_swiss_no_th__beta1.7500_temp13.7500.jsonl (15 records)
2026-07-10 18:11:04,319 | INFO | overnight_sweep | wrote /LAB/swiss_no_th/swiss-knife-no-threshold/Swiss-Knife/runs/overnight_sweep/tribunal_inputs/gsi_elo_no_th__beta1.7500_temp13.7500.jsonl (15 records)
2026-07-10 18:11:04,320 | INFO | overnight_sweep | wrote /LAB/swiss_no_th/swiss-knife-no-threshold/Swiss-Knife/runs/overnight_sweep/tribunal_inputs/gsi_softmax_no_th__beta1.7500_temp15.0000.jsonl (15 records)
2026-07-10 18:11:04,320 | INFO | overnight_sweep | wrote /LAB/swiss_no_th/swiss-knife-no-threshold/Swiss-Knife/runs/overnight_sweep/tribunal_inputs/gsi_swiss_no_th__beta1.7500_temp15.0000.jsonl (15 records)
2026-07-10 18:11:04,321 | INFO | overnight_sweep | wrote /LAB/swiss_no_th/swiss-knife-no-threshold/Swiss-Knife/runs/overnight_sweep/tribunal_inputs/gsi_elo_no_th__beta1.7500_temp15.0000.jsonl (15 records)
2026-07-10 18:11:04,321 | INFO | overnight_sweep | wrote /LAB/swiss_no_th/swiss-knife-no-threshold/Swiss-Knife/runs/overnight_sweep/tribunal_inputs/gsi_softmax_no_th__beta2.1250_temp10.0000.jsonl (15 records)
2026-07-10 18:11:04,322 | INFO | overnight_sweep | wrote /LAB/swiss_no_th/swiss-knife-no-threshold/Swiss-Knife/runs/overnight_sweep/tribunal_inputs/gsi_swiss_no_th__beta2.1250_temp10.0000.jsonl (15 records)
2026-07-10 18:11:04,322 | INFO | overnight_sweep | wrote /LAB/swiss_no_th/swiss-knife-no-threshold/Swiss-Knife/runs/overnight_sweep/tribunal_inputs/gsi_elo_no_th__beta2.1250_temp10.0000.jsonl (15 records)
2026-07-10 18:11:04,323 | INFO | overnight_sweep | wrote /LAB/swiss_no_th/swiss-knife-no-threshold/Swiss-Knife/runs/overnight_sweep/tribunal_inputs/gsi_softmax_no_th__beta2.1250_temp11.2500.jsonl (15 records)
2026-07-10 18:11:04,323 | INFO | overnight_sweep | wrote /LAB/swiss_no_th/swiss-knife-no-threshold/Swiss-Knife/runs/overnight_sweep/tribunal_inputs/gsi_swiss_no_th__beta2.1250_temp11.2500.jsonl (15 records)
2026-07-10 18:11:04,324 | INFO | overnight_sweep | wrote /LAB/swiss_no_th/swiss-knife-no-threshold/Swiss-Knife/runs/overnight_sweep/tribunal_inputs/gsi_elo_no_th__beta2.1250_temp11.2500.jsonl (15 records)
2026-07-10 18:11:04,324 | INFO | overnight_sweep | wrote /LAB/swiss_no_th/swiss-knife-no-threshold/Swiss-Knife/runs/overnight_sweep/tribunal_inputs/gsi_softmax_no_th__beta2.1250_temp12.5000.jsonl (15 records)
2026-07-10 18:11:04,325 | INFO | overnight_sweep | wrote /LAB/swiss_no_th/swiss-knife-no-threshold/Swiss-Knife/runs/overnight_sweep/tribunal_inputs/gsi_swiss_no_th__beta2.1250_temp12.5000.jsonl (15 records)
2026-07-10 18:11:04,326 | INFO | overnight_sweep | wrote /LAB/swiss_no_th/swiss-knife-no-threshold/Swiss-Knife/runs/overnight_sweep/tribunal_inputs/gsi_elo_no_th__beta2.1250_temp12.5000.jsonl (15 records)
2026-07-10 18:11:04,326 | INFO | overnight_sweep | wrote /LAB/swiss_no_th/swiss-knife-no-threshold/Swiss-Knife/runs/overnight_sweep/tribunal_inputs/gsi_softmax_no_th__beta2.1250_temp13.7500.jsonl (15 records)
2026-07-10 18:11:04,327 | INFO | overnight_sweep | wrote /LAB/swiss_no_th/swiss-knife-no-threshold/Swiss-Knife/runs/overnight_sweep/tribunal_inputs/gsi_swiss_no_th__beta2.1250_temp13.7500.jsonl (15 records)
2026-07-10 18:11:04,327 | INFO | overnight_sweep | wrote /LAB/swiss_no_th/swiss-knife-no-threshold/Swiss-Knife/runs/overnight_sweep/tribunal_inputs/gsi_elo_no_th__beta2.1250_temp13.7500.jsonl (15 records)
2026-07-10 18:11:04,328 | INFO | overnight_sweep | wrote /LAB/swiss_no_th/swiss-knife-no-threshold/Swiss-Knife/runs/overnight_sweep/tribunal_inputs/gsi_softmax_no_th__beta2.1250_temp15.0000.jsonl (15 records)
2026-07-10 18:11:04,328 | INFO | overnight_sweep | wrote /LAB/swiss_no_th/swiss-knife-no-threshold/Swiss-Knife/runs/overnight_sweep/tribunal_inputs/gsi_swiss_no_th__beta2.1250_temp15.0000.jsonl (15 records)
2026-07-10 18:11:04,329 | INFO | overnight_sweep | wrote /LAB/swiss_no_th/swiss-knife-no-threshold/Swiss-Knife/runs/overnight_sweep/tribunal_inputs/gsi_elo_no_th__beta2.1250_temp15.0000.jsonl (15 records)
2026-07-10 18:11:04,329 | INFO | overnight_sweep | wrote /LAB/swiss_no_th/swiss-knife-no-threshold/Swiss-Knife/runs/overnight_sweep/tribunal_inputs/gsi_softmax_no_th__beta2.5000_temp10.0000.jsonl (15 records)
2026-07-10 18:11:04,330 | INFO | overnight_sweep | wrote /LAB/swiss_no_th/swiss-knife-no-threshold/Swiss-Knife/runs/overnight_sweep/tribunal_inputs/gsi_swiss_no_th__beta2.5000_temp10.0000.jsonl (15 records)
2026-07-10 18:11:04,330 | INFO | overnight_sweep | wrote /LAB/swiss_no_th/swiss-knife-no-threshold/Swiss-Knife/runs/overnight_sweep/tribunal_inputs/gsi_elo_no_th__beta2.5000_temp10.0000.jsonl (15 records)
2026-07-10 18:11:04,331 | INFO | overnight_sweep | wrote /LAB/swiss_no_th/swiss-knife-no-threshold/Swiss-Knife/runs/overnight_sweep/tribunal_inputs/gsi_softmax_no_th__beta2.5000_temp11.2500.jsonl (15 records)
2026-07-10 18:11:04,331 | INFO | overnight_sweep | wrote /LAB/swiss_no_th/swiss-knife-no-threshold/Swiss-Knife/runs/overnight_sweep/tribunal_inputs/gsi_swiss_no_th__beta2.5000_temp11.2500.jsonl (15 records)
2026-07-10 18:11:04,332 | INFO | overnight_sweep | wrote /LAB/swiss_no_th/swiss-knife-no-threshold/Swiss-Knife/runs/overnight_sweep/tribunal_inputs/gsi_elo_no_th__beta2.5000_temp11.2500.jsonl (15 records)
2026-07-10 18:11:04,332 | INFO | overnight_sweep | wrote /LAB/swiss_no_th/swiss-knife-no-threshold/Swiss-Knife/runs/overnight_sweep/tribunal_inputs/gsi_softmax_no_th__beta2.5000_temp12.5000.jsonl (15 records)
2026-07-10 18:11:04,333 | INFO | overnight_sweep | wrote /LAB/swiss_no_th/swiss-knife-no-threshold/Swiss-Knife/runs/overnight_sweep/tribunal_inputs/gsi_swiss_no_th__beta2.5000_temp12.5000.jsonl (15 records)
2026-07-10 18:11:04,334 | INFO | overnight_sweep | wrote /LAB/swiss_no_th/swiss-knife-no-threshold/Swiss-Knife/runs/overnight_sweep/tribunal_inputs/gsi_elo_no_th__beta2.5000_temp12.5000.jsonl (15 records)
2026-07-10 18:11:04,334 | INFO | overnight_sweep | wrote /LAB/swiss_no_th/swiss-knife-no-threshold/Swiss-Knife/runs/overnight_sweep/tribunal_inputs/gsi_softmax_no_th__beta2.5000_temp13.7500.jsonl (15 records)
2026-07-10 18:11:04,335 | INFO | overnight_sweep | wrote /LAB/swiss_no_th/swiss-knife-no-threshold/Swiss-Knife/runs/overnight_sweep/tribunal_inputs/gsi_swiss_no_th__beta2.5000_temp13.7500.jsonl (15 records)
2026-07-10 18:11:04,335 | INFO | overnight_sweep | wrote /LAB/swiss_no_th/swiss-knife-no-threshold/Swiss-Knife/runs/overnight_sweep/tribunal_inputs/gsi_elo_no_th__beta2.5000_temp13.7500.jsonl (15 records)
2026-07-10 18:11:04,336 | INFO | overnight_sweep | wrote /LAB/swiss_no_th/swiss-knife-no-threshold/Swiss-Knife/runs/overnight_sweep/tribunal_inputs/gsi_softmax_no_th__beta2.5000_temp15.0000.jsonl (15 records)
2026-07-10 18:11:04,336 | INFO | overnight_sweep | wrote /LAB/swiss_no_th/swiss-knife-no-threshold/Swiss-Knife/runs/overnight_sweep/tribunal_inputs/gsi_swiss_no_th__beta2.5000_temp15.0000.jsonl (15 records)
2026-07-10 18:11:04,337 | INFO | overnight_sweep | wrote /LAB/swiss_no_th/swiss-knife-no-threshold/Swiss-Knife/runs/overnight_sweep/tribunal_inputs/gsi_elo_no_th__beta2.5000_temp15.0000.jsonl (15 records)
2026-07-10 18:11:04,337 | INFO | overnight_sweep | Converted 75/75 expected jsonl files (25 configs x 3 strategies).
2026-07-10 18:11:04,337 | INFO | overnight_sweep | Running tribunal: /LAB/swiss-knife/bin/python -m tribunal.run_eval --input /LAB/swiss_no_th/swiss-knife-no-threshold/Swiss-Knife/runs/overnight_sweep/tribunal_inputs --output /LAB/swiss_no_th/swiss-knife-no-threshold/Swiss-Knife/runs/overnight_sweep/tribunal_results (cwd=/LAB/swiss_no_th/swiss-knife-no-threshold/Swiss-Knife/tribunal)
2026-07-10 22:22:47,418 | INFO | overnight_sweep | Tribunal DONE in 15103.1s (rc=0) — log: /LAB/swiss_no_th/swiss-knife-no-threshold/Swiss-Knife/runs/overnight_sweep/tribunal_results/tribunal_run.log
2026-07-10 22:22:47,798 | INFO | overnight_sweep | Report written to /LAB/swiss_no_th/swiss-knife-no-threshold/Swiss-Knife/runs/overnight_sweep/FINAL_REPORT.md
2026-07-10 22:22:47,798 | INFO | overnight_sweep | Best overall: gsi_elo_no_th beta=1.0000 temp=13.7500 composite=0.4778
2026-07-10 22:22:54,545 | INFO | overnight_sweep | Wrote 25 per-config plots to /LAB/swiss_no_th/swiss-knife-no-threshold/Swiss-Knife/runs/overnight_sweep/plots/grid
2026-07-10 22:22:55,121 | INFO | overnight_sweep | Wrote unified heatmap to /LAB/swiss_no_th/swiss-knife-no-threshold/Swiss-Knife/runs/overnight_sweep/plots/unified_composite_heatmap.png
2026-07-10 22:22:55,338 | INFO | overnight_sweep | Wrote unified scatter to /LAB/swiss_no_th/swiss-knife-no-threshold/Swiss-Knife/runs/overnight_sweep/plots/unified_safety_vs_quality.png
2026-07-10 22:22:55,338 | INFO | overnight_sweep | ======================================================================
2026-07-10 22:22:55,338 | INFO | overnight_sweep | Overnight sweep finished in 353.6 min. Report: /LAB/swiss_no_th/swiss-knife-no-threshold/Swiss-Knife/runs/overnight_sweep/FINAL_REPORT.md  Plots: /LAB/swiss_no_th/swiss-knife-no-threshold/Swiss-Knife/runs/overnight_sweep/plots
2026-07-10 22:22:55,338 | INFO | overnight_sweep | ======================================================================
